[ 2016-02-27T14:16:26+08:00 ] ::1 /wyds/index.php/Home/Index/get_news
INFO: [ app_init ] --START--
INFO: Run Behavior\BuildLiteBehavior [ RunTime:0.000092s ]
INFO: [ app_init ] --END-- [ RunTime:0.012023s ]
INFO: [ app_begin ] --START--
INFO: Run Behavior\ReadHtmlCacheBehavior [ RunTime:0.014934s ]
INFO: [ app_begin ] --END-- [ RunTime:0.015407s ]
NOTIC: [2] Missing argument 1 for Think\Controller::show(), called in C:\Program Files (x86)\wamp\www\wyds\webComp\Home\Controller\IndexController.class.php on line 33 and defined C:\Program Files (x86)\wamp\www\wyds\ThinkPHP\Library\Think\Controller.class.php 第 68 行.
NOTIC: [8] Undefined variable: content C:\Program Files (x86)\wamp\www\wyds\ThinkPHP\Library\Think\Controller.class.php 第 69 行.
INFO: [ view_parse ] --START--
INFO: [ template_filter ] --START--
INFO: Run Behavior\ContentReplaceBehavior [ RunTime:0.000755s ]
INFO: [ template_filter ] --END-- [ RunTime:0.001335s ]
INFO: Run Behavior\ParseTemplateBehavior [ RunTime:0.052781s ]
INFO: [ view_parse ] --END-- [ RunTime:0.053829s ]
INFO: [ view_filter ] --START--
INFO: Run Behavior\WriteHtmlCacheBehavior [ RunTime:0.008613s ]
INFO: [ view_filter ] --END-- [ RunTime:0.009014s ]
SQL: SHOW COLUMNS FROM `news` [ RunTime:0.0197s ]
SQL: SELECT * FROM `news`  [ RunTime:0.0011s ]

[ 2016-02-27T14:17:39+08:00 ] ::1 /wyds/index.php/Home/Index/get_news
INFO: [ app_init ] --START--
INFO: Run Behavior\BuildLiteBehavior [ RunTime:0.000089s ]
INFO: [ app_init ] --END-- [ RunTime:0.001860s ]
INFO: [ app_begin ] --START--
INFO: Run Behavior\ReadHtmlCacheBehavior [ RunTime:0.002224s ]
INFO: [ app_begin ] --END-- [ RunTime:0.002648s ]
NOTIC: [2] Missing argument 1 for Think\Controller::show(), called in C:\Program Files (x86)\wamp\www\wyds\webComp\Home\Controller\IndexController.class.php on line 33 and defined C:\Program Files (x86)\wamp\www\wyds\ThinkPHP\Library\Think\Controller.class.php 第 68 行.
NOTIC: [8] Undefined variable: content C:\Program Files (x86)\wamp\www\wyds\ThinkPHP\Library\Think\Controller.class.php 第 69 行.
INFO: [ view_parse ] --START--
INFO: [ template_filter ] --START--
INFO: Run Behavior\ContentReplaceBehavior [ RunTime:0.000199s ]
INFO: [ template_filter ] --END-- [ RunTime:0.000649s ]
INFO: Run Behavior\ParseTemplateBehavior [ RunTime:0.011240s ]
INFO: [ view_parse ] --END-- [ RunTime:0.011720s ]
INFO: [ view_filter ] --START--
INFO: Run Behavior\WriteHtmlCacheBehavior [ RunTime:0.001644s ]
INFO: [ view_filter ] --END-- [ RunTime:0.002021s ]
SQL: SHOW COLUMNS FROM `news` [ RunTime:0.0200s ]
SQL: SELECT COUNT(*) AS tp_count FROM `news` LIMIT 1   [ RunTime:0.0010s ]
SQL: SELECT * FROM `news`  [ RunTime:0.0013s ]

[ 2016-02-27T14:18:05+08:00 ] ::1 /wyds/index.php/Home/Index/get_news
INFO: [ app_init ] --START--
INFO: Run Behavior\BuildLiteBehavior [ RunTime:0.000084s ]
INFO: [ app_init ] --END-- [ RunTime:0.001920s ]
INFO: [ app_begin ] --START--
INFO: Run Behavior\ReadHtmlCacheBehavior [ RunTime:0.002248s ]
INFO: [ app_begin ] --END-- [ RunTime:0.002671s ]
NOTIC: [2] Missing argument 1 for Think\Controller::show(), called in C:\Program Files (x86)\wamp\www\wyds\webComp\Home\Controller\IndexController.class.php on line 33 and defined C:\Program Files (x86)\wamp\www\wyds\ThinkPHP\Library\Think\Controller.class.php 第 68 行.
NOTIC: [8] Undefined variable: content C:\Program Files (x86)\wamp\www\wyds\ThinkPHP\Library\Think\Controller.class.php 第 69 行.
INFO: [ view_parse ] --START--
INFO: [ template_filter ] --START--
INFO: Run Behavior\ContentReplaceBehavior [ RunTime:0.000199s ]
INFO: [ template_filter ] --END-- [ RunTime:0.000606s ]
INFO: Run Behavior\ParseTemplateBehavior [ RunTime:0.012485s ]
INFO: [ view_parse ] --END-- [ RunTime:0.013086s ]
INFO: [ view_filter ] --START--
INFO: Run Behavior\WriteHtmlCacheBehavior [ RunTime:0.002148s ]
INFO: [ view_filter ] --END-- [ RunTime:0.002527s ]
SQL: SHOW COLUMNS FROM `news` [ RunTime:0.0202s ]
SQL: SELECT COUNT(*) AS tp_count FROM `news` LIMIT 1   [ RunTime:0.0009s ]
SQL: SELECT * FROM `news`  [ RunTime:0.0008s ]

[ 2016-02-27T14:20:30+08:00 ] ::1 /wyds/
INFO: [ app_init ] --START--
INFO: Run Behavior\BuildLiteBehavior [ RunTime:0.000087s ]
INFO: [ app_init ] --END-- [ RunTime:0.001864s ]
INFO: [ app_begin ] --START--
INFO: Run Behavior\ReadHtmlCacheBehavior [ RunTime:0.002441s ]
INFO: [ app_begin ] --END-- [ RunTime:0.002867s ]
NOTIC: [2] Missing argument 1 for Think\Controller::show(), called in C:\Program Files (x86)\wamp\www\wyds\webComp\Home\Controller\IndexController.class.php on line 6 and defined C:\Program Files (x86)\wamp\www\wyds\ThinkPHP\Library\Think\Controller.class.php 第 68 行.
NOTIC: [8] Undefined variable: content C:\Program Files (x86)\wamp\www\wyds\ThinkPHP\Library\Think\Controller.class.php 第 69 行.
INFO: [ view_parse ] --START--
INFO: [ template_filter ] --START--
INFO: Run Behavior\ContentReplaceBehavior [ RunTime:0.000193s ]
INFO: [ template_filter ] --END-- [ RunTime:0.000626s ]
INFO: Run Behavior\ParseTemplateBehavior [ RunTime:0.079222s ]
INFO: [ view_parse ] --END-- [ RunTime:0.079729s ]
INFO: [ view_filter ] --START--
INFO: Run Behavior\WriteHtmlCacheBehavior [ RunTime:0.001755s ]
INFO: [ view_filter ] --END-- [ RunTime:0.002264s ]
INFO: [ app_end ] --START--
INFO: Run Behavior\ShowPageTraceBehavior [ RunTime:0.011149s ]
INFO: [ app_end ] --END-- [ RunTime:0.011670s ]

